To start using FSL, first run 'source $FSLDIR/etc/fslconf/fsl.sh'
Image Exception : #63 :: No image files match: /gpfs/milgram/project/turk-browne/aa2842/ASHS_data/subjects/multimem001/rois/ASHS/final/func_masks/bin_masks_5B_T2/left_CA1_mask
terminate called after throwing an instance of 'std::runtime_error'
  what():  No image files match: /gpfs/milgram/project/turk-browne/aa2842/ASHS_data/subjects/multimem001/rois/ASHS/final/func_masks/bin_masks_5B_T2/left_CA1_mask
/var/spool/slurmd/job27246851/slurm_script: line 50: 712005 Aborted                 (core dumped) fslmaths "$MASK_DIR_T2/left_${region}_mask.nii.gz" -add "$MASK_DIR_T2/right_${region}_mask.nii.gz" -bin "$MASK_DIR_T2/combined_${region}_mask_T2.nii.gz"
Image Exception : #63 :: No image files match: /gpfs/milgram/project/turk-browne/aa2842/ASHS_data/subjects/multimem001/rois/ASHS/final/func_masks/bin_masks_5B_T2/left_CA2+3_mask
terminate called after throwing an instance of 'std::runtime_error'
  what():  No image files match: /gpfs/milgram/project/turk-browne/aa2842/ASHS_data/subjects/multimem001/rois/ASHS/final/func_masks/bin_masks_5B_T2/left_CA2+3_mask
/var/spool/slurmd/job27246851/slurm_script: line 50: 712019 Aborted                 (core dumped) fslmaths "$MASK_DIR_T2/left_${region}_mask.nii.gz" -add "$MASK_DIR_T2/right_${region}_mask.nii.gz" -bin "$MASK_DIR_T2/combined_${region}_mask_T2.nii.gz"
Image Exception : #63 :: No image files match: /gpfs/milgram/project/turk-browne/aa2842/ASHS_data/subjects/multimem001/rois/ASHS/final/func_masks/bin_masks_5B_T2/left_Subiculum_mask
terminate called after throwing an instance of 'std::runtime_error'
  what():  No image files match: /gpfs/milgram/project/turk-browne/aa2842/ASHS_data/subjects/multimem001/rois/ASHS/final/func_masks/bin_masks_5B_T2/left_Subiculum_mask
/var/spool/slurmd/job27246851/slurm_script: line 50: 712031 Aborted                 (core dumped) fslmaths "$MASK_DIR_T2/left_${region}_mask.nii.gz" -add "$MASK_DIR_T2/right_${region}_mask.nii.gz" -bin "$MASK_DIR_T2/combined_${region}_mask_T2.nii.gz"
Image Exception : #63 :: No image files match: /gpfs/milgram/project/turk-browne/aa2842/ASHS_data/subjects/multimem001/rois/ASHS/final/func_masks/bin_masks_5B_T2/left_PRC_mask
terminate called after throwing an instance of 'std::runtime_error'
  what():  No image files match: /gpfs/milgram/project/turk-browne/aa2842/ASHS_data/subjects/multimem001/rois/ASHS/final/func_masks/bin_masks_5B_T2/left_PRC_mask
/var/spool/slurmd/job27246851/slurm_script: line 50: 712042 Aborted                 (core dumped) fslmaths "$MASK_DIR_T2/left_${region}_mask.nii.gz" -add "$MASK_DIR_T2/right_${region}_mask.nii.gz" -bin "$MASK_DIR_T2/combined_${region}_mask_T2.nii.gz"
Image Exception : #63 :: No image files match: /gpfs/milgram/project/turk-browne/aa2842/ASHS_data/subjects/multimem001/rois/ASHS/final/func_masks/bin_masks_5B_T2/left_DG_mask
terminate called after throwing an instance of 'std::runtime_error'
  what():  No image files match: /gpfs/milgram/project/turk-browne/aa2842/ASHS_data/subjects/multimem001/rois/ASHS/final/func_masks/bin_masks_5B_T2/left_DG_mask
/var/spool/slurmd/job27246851/slurm_script: line 50: 712052 Aborted                 (core dumped) fslmaths "$MASK_DIR_T2/left_${region}_mask.nii.gz" -add "$MASK_DIR_T2/right_${region}_mask.nii.gz" -bin "$MASK_DIR_T2/combined_${region}_mask_T2.nii.gz"
Image Exception : #63 :: No image files match: /gpfs/milgram/project/turk-browne/aa2842/ASHS_data/subjects/multimem001/rois/ASHS/final/func_masks/bin_masks_5B_T2/left_EC_mask
terminate called after throwing an instance of 'std::runtime_error'
  what():  No image files match: /gpfs/milgram/project/turk-browne/aa2842/ASHS_data/subjects/multimem001/rois/ASHS/final/func_masks/bin_masks_5B_T2/left_EC_mask
/var/spool/slurmd/job27246851/slurm_script: line 50: 712064 Aborted                 (core dumped) fslmaths "$MASK_DIR_T2/left_${region}_mask.nii.gz" -add "$MASK_DIR_T2/right_${region}_mask.nii.gz" -bin "$MASK_DIR_T2/combined_${region}_mask_T2.nii.gz"
Image Exception : #63 :: No image files match: /gpfs/milgram/project/turk-browne/aa2842/ASHS_data/subjects/multimem001/rois/ASHS/final/func_masks/bin_masks_5B_T2/left_PHC_mask
terminate called after throwing an instance of 'std::runtime_error'
  what():  No image files match: /gpfs/milgram/project/turk-browne/aa2842/ASHS_data/subjects/multimem001/rois/ASHS/final/func_masks/bin_masks_5B_T2/left_PHC_mask
/var/spool/slurmd/job27246851/slurm_script: line 50: 712074 Aborted                 (core dumped) fslmaths "$MASK_DIR_T2/left_${region}_mask.nii.gz" -add "$MASK_DIR_T2/right_${region}_mask.nii.gz" -bin "$MASK_DIR_T2/combined_${region}_mask_T2.nii.gz"
finding matrix for T2 to T1 transformation
Image Exception : #63 :: No image files match: /gpfs/milgram/project/turk-browne/aa2842/ASHS_data/subjects/multimem001/rois/ASHS/final/func_masks/bin_masks_5B_T2/combined_CA1_mask_T2
Image Exception : #22 :: Failed to read volume /gpfs/milgram/project/turk-browne/aa2842/ASHS_data/subjects/multimem001/rois/ASHS/final/func_masks/bin_masks_5B_T2/combined_CA1_mask_T2.nii.gz
Error : No image files match: /gpfs/milgram/project/turk-browne/aa2842/ASHS_data/subjects/multimem001/rois/ASHS/final/func_masks/bin_masks_5B_T2/combined_CA1_mask_T2
Failed to read volume /gpfs/milgram/project/turk-browne/aa2842/ASHS_data/subjects/multimem001/rois/ASHS/final/func_masks/bin_masks_5B_T2/combined_CA1_mask_T2.nii.gz
Error : No image files match: /gpfs/milgram/project/turk-browne/aa2842/ASHS_data/subjects/multimem001/rois/ASHS/final/func_masks/bin_masks_5B_T2/combined_CA1_mask_T2
Image Exception : #63 :: No image files match: /gpfs/milgram/project/turk-browne/aa2842/ASHS_data/subjects/multimem001/rois/ASHS/final/func_masks/bin_masks_5B_T1/combined_CA1_mask_T1_non-bin
terminate called after throwing an instance of 'std::runtime_error'
  what():  No image files match: /gpfs/milgram/project/turk-browne/aa2842/ASHS_data/subjects/multimem001/rois/ASHS/final/func_masks/bin_masks_5B_T1/combined_CA1_mask_T1_non-bin
/var/spool/slurmd/job27246851/slurm_script: line 85: 712126 Aborted                 (core dumped) fslmaths "$out_name" -thr 0.5 -bin "$bin_out_name"
Image Exception : #63 :: No image files match: /gpfs/milgram/project/turk-browne/aa2842/ASHS_data/subjects/multimem001/rois/ASHS/final/func_masks/bin_masks_5B_T2/combined_CA2+3_mask_T2
Image Exception : #22 :: Failed to read volume /gpfs/milgram/project/turk-browne/aa2842/ASHS_data/subjects/multimem001/rois/ASHS/final/func_masks/bin_masks_5B_T2/combined_CA2+3_mask_T2.nii.gz
Error : No image files match: /gpfs/milgram/project/turk-browne/aa2842/ASHS_data/subjects/multimem001/rois/ASHS/final/func_masks/bin_masks_5B_T2/combined_CA2+3_mask_T2
Failed to read volume /gpfs/milgram/project/turk-browne/aa2842/ASHS_data/subjects/multimem001/rois/ASHS/final/func_masks/bin_masks_5B_T2/combined_CA2+3_mask_T2.nii.gz
Error : No image files match: /gpfs/milgram/project/turk-browne/aa2842/ASHS_data/subjects/multimem001/rois/ASHS/final/func_masks/bin_masks_5B_T2/combined_CA2+3_mask_T2
Image Exception : #63 :: No image files match: /gpfs/milgram/project/turk-browne/aa2842/ASHS_data/subjects/multimem001/rois/ASHS/final/func_masks/bin_masks_5B_T1/combined_CA2+3_mask_T1_non-bin
terminate called after throwing an instance of 'std::runtime_error'
  what():  No image files match: /gpfs/milgram/project/turk-browne/aa2842/ASHS_data/subjects/multimem001/rois/ASHS/final/func_masks/bin_masks_5B_T1/combined_CA2+3_mask_T1_non-bin
/var/spool/slurmd/job27246851/slurm_script: line 85: 712140 Aborted                 (core dumped) fslmaths "$out_name" -thr 0.5 -bin "$bin_out_name"
Image Exception : #63 :: No image files match: /gpfs/milgram/project/turk-browne/aa2842/ASHS_data/subjects/multimem001/rois/ASHS/final/func_masks/bin_masks_5B_T2/combined_Subiculum_mask_T2
Image Exception : #22 :: Failed to read volume /gpfs/milgram/project/turk-browne/aa2842/ASHS_data/subjects/multimem001/rois/ASHS/final/func_masks/bin_masks_5B_T2/combined_Subiculum_mask_T2.nii.gz
Error : No image files match: /gpfs/milgram/project/turk-browne/aa2842/ASHS_data/subjects/multimem001/rois/ASHS/final/func_masks/bin_masks_5B_T2/combined_Subiculum_mask_T2
Failed to read volume /gpfs/milgram/project/turk-browne/aa2842/ASHS_data/subjects/multimem001/rois/ASHS/final/func_masks/bin_masks_5B_T2/combined_Subiculum_mask_T2.nii.gz
Error : No image files match: /gpfs/milgram/project/turk-browne/aa2842/ASHS_data/subjects/multimem001/rois/ASHS/final/func_masks/bin_masks_5B_T2/combined_Subiculum_mask_T2
Image Exception : #63 :: No image files match: /gpfs/milgram/project/turk-browne/aa2842/ASHS_data/subjects/multimem001/rois/ASHS/final/func_masks/bin_masks_5B_T1/combined_Subiculum_mask_T1_non-bin
terminate called after throwing an instance of 'std::runtime_error'
  what():  No image files match: /gpfs/milgram/project/turk-browne/aa2842/ASHS_data/subjects/multimem001/rois/ASHS/final/func_masks/bin_masks_5B_T1/combined_Subiculum_mask_T1_non-bin
/var/spool/slurmd/job27246851/slurm_script: line 85: 712153 Aborted                 (core dumped) fslmaths "$out_name" -thr 0.5 -bin "$bin_out_name"
Image Exception : #63 :: No image files match: /gpfs/milgram/project/turk-browne/aa2842/ASHS_data/subjects/multimem001/rois/ASHS/final/func_masks/bin_masks_5B_T2/combined_PRC_mask_T2
Image Exception : #22 :: Failed to read volume /gpfs/milgram/project/turk-browne/aa2842/ASHS_data/subjects/multimem001/rois/ASHS/final/func_masks/bin_masks_5B_T2/combined_PRC_mask_T2.nii.gz
Error : No image files match: /gpfs/milgram/project/turk-browne/aa2842/ASHS_data/subjects/multimem001/rois/ASHS/final/func_masks/bin_masks_5B_T2/combined_PRC_mask_T2
Failed to read volume /gpfs/milgram/project/turk-browne/aa2842/ASHS_data/subjects/multimem001/rois/ASHS/final/func_masks/bin_masks_5B_T2/combined_PRC_mask_T2.nii.gz
Error : No image files match: /gpfs/milgram/project/turk-browne/aa2842/ASHS_data/subjects/multimem001/rois/ASHS/final/func_masks/bin_masks_5B_T2/combined_PRC_mask_T2
Image Exception : #63 :: No image files match: /gpfs/milgram/project/turk-browne/aa2842/ASHS_data/subjects/multimem001/rois/ASHS/final/func_masks/bin_masks_5B_T1/combined_PRC_mask_T1_non-bin
terminate called after throwing an instance of 'std::runtime_error'
  what():  No image files match: /gpfs/milgram/project/turk-browne/aa2842/ASHS_data/subjects/multimem001/rois/ASHS/final/func_masks/bin_masks_5B_T1/combined_PRC_mask_T1_non-bin
/var/spool/slurmd/job27246851/slurm_script: line 85: 712166 Aborted                 (core dumped) fslmaths "$out_name" -thr 0.5 -bin "$bin_out_name"
Image Exception : #63 :: No image files match: /gpfs/milgram/project/turk-browne/aa2842/ASHS_data/subjects/multimem001/rois/ASHS/final/func_masks/bin_masks_5B_T2/combined_DG_mask_T2
Image Exception : #22 :: Failed to read volume /gpfs/milgram/project/turk-browne/aa2842/ASHS_data/subjects/multimem001/rois/ASHS/final/func_masks/bin_masks_5B_T2/combined_DG_mask_T2.nii.gz
Error : No image files match: /gpfs/milgram/project/turk-browne/aa2842/ASHS_data/subjects/multimem001/rois/ASHS/final/func_masks/bin_masks_5B_T2/combined_DG_mask_T2
Failed to read volume /gpfs/milgram/project/turk-browne/aa2842/ASHS_data/subjects/multimem001/rois/ASHS/final/func_masks/bin_masks_5B_T2/combined_DG_mask_T2.nii.gz
Error : No image files match: /gpfs/milgram/project/turk-browne/aa2842/ASHS_data/subjects/multimem001/rois/ASHS/final/func_masks/bin_masks_5B_T2/combined_DG_mask_T2
Image Exception : #63 :: No image files match: /gpfs/milgram/project/turk-browne/aa2842/ASHS_data/subjects/multimem001/rois/ASHS/final/func_masks/bin_masks_5B_T1/combined_DG_mask_T1_non-bin
terminate called after throwing an instance of 'std::runtime_error'
  what():  No image files match: /gpfs/milgram/project/turk-browne/aa2842/ASHS_data/subjects/multimem001/rois/ASHS/final/func_masks/bin_masks_5B_T1/combined_DG_mask_T1_non-bin
/var/spool/slurmd/job27246851/slurm_script: line 85: 712196 Aborted                 (core dumped) fslmaths "$out_name" -thr 0.5 -bin "$bin_out_name"
Image Exception : #63 :: No image files match: /gpfs/milgram/project/turk-browne/aa2842/ASHS_data/subjects/multimem001/rois/ASHS/final/func_masks/bin_masks_5B_T2/combined_EC_mask_T2
Image Exception : #22 :: Failed to read volume /gpfs/milgram/project/turk-browne/aa2842/ASHS_data/subjects/multimem001/rois/ASHS/final/func_masks/bin_masks_5B_T2/combined_EC_mask_T2.nii.gz
Error : No image files match: /gpfs/milgram/project/turk-browne/aa2842/ASHS_data/subjects/multimem001/rois/ASHS/final/func_masks/bin_masks_5B_T2/combined_EC_mask_T2
Failed to read volume /gpfs/milgram/project/turk-browne/aa2842/ASHS_data/subjects/multimem001/rois/ASHS/final/func_masks/bin_masks_5B_T2/combined_EC_mask_T2.nii.gz
Error : No image files match: /gpfs/milgram/project/turk-browne/aa2842/ASHS_data/subjects/multimem001/rois/ASHS/final/func_masks/bin_masks_5B_T2/combined_EC_mask_T2
Image Exception : #63 :: No image files match: /gpfs/milgram/project/turk-browne/aa2842/ASHS_data/subjects/multimem001/rois/ASHS/final/func_masks/bin_masks_5B_T1/combined_EC_mask_T1_non-bin
terminate called after throwing an instance of 'std::runtime_error'
  what():  No image files match: /gpfs/milgram/project/turk-browne/aa2842/ASHS_data/subjects/multimem001/rois/ASHS/final/func_masks/bin_masks_5B_T1/combined_EC_mask_T1_non-bin
/var/spool/slurmd/job27246851/slurm_script: line 85: 712209 Aborted                 (core dumped) fslmaths "$out_name" -thr 0.5 -bin "$bin_out_name"
Image Exception : #63 :: No image files match: /gpfs/milgram/project/turk-browne/aa2842/ASHS_data/subjects/multimem001/rois/ASHS/final/func_masks/bin_masks_5B_T2/combined_PHC_mask_T2
Image Exception : #22 :: Failed to read volume /gpfs/milgram/project/turk-browne/aa2842/ASHS_data/subjects/multimem001/rois/ASHS/final/func_masks/bin_masks_5B_T2/combined_PHC_mask_T2.nii.gz
Error : No image files match: /gpfs/milgram/project/turk-browne/aa2842/ASHS_data/subjects/multimem001/rois/ASHS/final/func_masks/bin_masks_5B_T2/combined_PHC_mask_T2
Failed to read volume /gpfs/milgram/project/turk-browne/aa2842/ASHS_data/subjects/multimem001/rois/ASHS/final/func_masks/bin_masks_5B_T2/combined_PHC_mask_T2.nii.gz
Error : No image files match: /gpfs/milgram/project/turk-browne/aa2842/ASHS_data/subjects/multimem001/rois/ASHS/final/func_masks/bin_masks_5B_T2/combined_PHC_mask_T2
Image Exception : #63 :: No image files match: /gpfs/milgram/project/turk-browne/aa2842/ASHS_data/subjects/multimem001/rois/ASHS/final/func_masks/bin_masks_5B_T1/combined_PHC_mask_T1_non-bin
terminate called after throwing an instance of 'std::runtime_error'
  what():  No image files match: /gpfs/milgram/project/turk-browne/aa2842/ASHS_data/subjects/multimem001/rois/ASHS/final/func_masks/bin_masks_5B_T1/combined_PHC_mask_T1_non-bin
/var/spool/slurmd/job27246851/slurm_script: line 85: 712223 Aborted                 (core dumped) fslmaths "$out_name" -thr 0.5 -bin "$bin_out_name"
